#
# There is insufficient memory for the Java Runtime Environment to continue.
# Native memory allocation (mmap) failed to map 60817408 bytes for G1 virtual space
# Possible reasons:
#   The system is out of physical RAM or swap space
#   The process is running with CompressedOops enabled, and the Java Heap may be blocking the growth of the native heap
# Possible solutions:
#   Reduce memory load on the system
#   Increase physical memory or swap space
#   Check if swap backing store is full
#   Decrease Java heap size (-Xmx/-Xms)
#   Decrease number of Java threads
#   Decrease Java thread stack sizes (-Xss)
#   Set larger code cache with -XX:ReservedCodeCacheSize=
#   JVM is running with Unscaled Compressed Oops mode in which the Java heap is
#     placed in the first 4GB address space. The Java Heap base address is the
#     maximum limit for the native heap growth. Please use -XX:HeapBaseMinAddress
#     to set the Java Heap base and to place the Java Heap above 4GB virtual address.
# This output file may be truncated or incomplete.
#
#  Out of Memory Error (os_windows.cpp:3559), pid=1680, tid=10216
#
# JRE version:  (17.0.7+7) (build )
# Java VM: OpenJDK 64-Bit Server VM (17.0.7+7, mixed mode, emulated-client, sharing, tiered, compressed oops, compressed class ptrs, g1 gc, windows-amd64)
# No core dump will be written. Minidumps are not enabled by default on client versions of Windows
#

---------------  S U M M A R Y ------------

Command Line: -Dcom.sun.management.jmxremote -Dcom.sun.management.jmxremote.port=64846 -Dcom.sun.management.jmxremote.authenticate=false -Dcom.sun.management.jmxremote.ssl=false -Djava.rmi.server.hostname=localhost -Dspring.jmx.enabled=true -Dmanagement.endpoints.jmx.exposure.include=* -Dspring.application.admin.enabled=true -XX:TieredStopAtLevel=1 -Dspring.boot.project.name=ejerciciou3_pw_api_p4_ka -Dfile.encoding=UTF-8 -XX:+ShowCodeDetailsInExceptionMessages com.example.demo.Ejerciciou3PwApiP4KaApplication --spring.output.ansi.enabled=always

Host: 11th Gen Intel(R) Core(TM) i3-1115G4 @ 3.00GHz, 4 cores, 3G,  Windows 11 , 64 bit Build 22621 (10.0.22621.1928)
Time: Sat Aug  5 09:59:14 2023 Hora est. Pacífico, Sudamérica elapsed time: 0.036606 seconds (0d 0h 0m 0s)

---------------  T H R E A D  ---------------

Current thread (0x00000213637ce970):  JavaThread "Unknown thread" [_thread_in_vm, id=10216, stack(0x000000f4aa900000,0x000000f4aaa00000)]

Stack: [0x000000f4aa900000,0x000000f4aaa00000]
Native frames: (J=compiled Java code, j=interpreted, Vv=VM code, C=native code)
V  [jvm.dll+0x67754a]
V  [jvm.dll+0x834304]
V  [jvm.dll+0x835aae]
V  [jvm.dll+0x836113]
V  [jvm.dll+0x24696f]
V  [jvm.dll+0x6743f9]
V  [jvm.dll+0x668c8a]
V  [jvm.dll+0x3061bb]
V  [jvm.dll+0x30d6a6]
V  [jvm.dll+0x35cece]
V  [jvm.dll+0x35d0ff]
V  [jvm.dll+0x2dd048]
V  [jvm.dll+0x2ddfb4]
V  [jvm.dll+0x8066d1]
V  [jvm.dll+0x36ac91]
V  [jvm.dll+0x7e5cec]
V  [jvm.dll+0x3ed56f]
V  [jvm.dll+0x3ef0a1]
C  [jli.dll+0x528b]
C  [ucrtbase.dll+0x29363]
C  [KERNEL32.DLL+0x126ad]
C  [ntdll.dll+0x5aa68]


---------------  P R O C E S S  ---------------

Threads class SMR info:
_java_thread_list=0x00007ffc70d77018, length=0, elements={
}

Java Threads: ( => current thread )

Other Threads:
  0x0000021363808590 GCTaskThread "GC Thread#0" [stack: 0x000000f4aaa00000,0x000000f4aab00000] [id=528]
  0x0000021363810fd0 ConcurrentGCThread "G1 Main Marker" [stack: 0x000000f4aab00000,0x000000f4aac00000] [id=12608]
  0x00000213638119e0 ConcurrentGCThread "G1 Conc#0" [stack: 0x000000f4aac00000,0x000000f4aad00000] [id=9860]

[error occurred during error reporting (printing all threads), id 0xc0000005, EXCEPTION_ACCESS_VIOLATION (0xc0000005) at pc=0x00007ffc7054daf7]

VM state: not at safepoint (not fully initialized)

VM Mutex/Monitor currently owned by a thread:  ([mutex/lock_event])
[0x00000213637c9900] Heap_lock - owner thread: 0x00000213637ce970

Heap address: 0x00000000c7000000, size: 912 MB, Compressed Oops mode: 32-bit

CDS archive(s) mapped at: [0x0000000000000000-0x0000000000000000-0x0000000000000000), size 0, SharedBaseAddress: 0x0000000800000000, ArchiveRelocationMode: 0.
Narrow klass base: 0x0000000000000000, Narrow klass shift: 0, Narrow klass range: 0x0

GC Precious Log:
<Empty>

Heap:
 garbage-first heap   total 0K, used 0K [0x00000000c7000000, 0x0000000100000000)
  region size 1024K, 0 young (0K), 0 survivors (0K)

[error occurred during error reporting (printing heap information), id 0xc0000005, EXCEPTION_ACCESS_VIOLATION (0xc0000005) at pc=0x00007ffc70930db9]

GC Heap History (0 events):
No events

Dll operation events (1 events):
Event: 0.027 Loaded shared library C:\Users\kevin\Downloads\sts-4.19.0.RELEASE\plugins\org.eclipse.justj.openjdk.hotspot.jre.full.win32.x86_64_17.0.7.v20230425-1502\jre\bin\java.dll

Deoptimization events (0 events):
No events

Classes unloaded (0 events):
No events

Classes redefined (0 events):
No events

Internal exceptions (0 events):
No events

VM Operations (0 events):
No events

Events (0 events):
No events


Dynamic libraries:
0x00007ff7a1870000 - 0x00007ff7a187e000 	C:\Users\kevin\Downloads\sts-4.19.0.RELEASE\plugins\org.eclipse.justj.openjdk.hotspot.jre.full.win32.x86_64_17.0.7.v20230425-1502\jre\bin\javaw.exe
0x00007ffcb95d0000 - 0x00007ffcb97e4000 	C:\WINDOWS\SYSTEM32\ntdll.dll
0x00007ffcb88d0000 - 0x00007ffcb8992000 	C:\WINDOWS\System32\KERNEL32.DLL
0x00007ffcb6cc0000 - 0x00007ffcb7063000 	C:\WINDOWS\System32\KERNELBASE.dll
0x00007ffcb7070000 - 0x00007ffcb7181000 	C:\WINDOWS\System32\ucrtbase.dll
0x00007ffca3c40000 - 0x00007ffca3c57000 	C:\Users\kevin\Downloads\sts-4.19.0.RELEASE\plugins\org.eclipse.justj.openjdk.hotspot.jre.full.win32.x86_64_17.0.7.v20230425-1502\jre\bin\jli.dll
0x00007ffcb8ee0000 - 0x00007ffcb908a000 	C:\WINDOWS\System32\USER32.dll
0x00007ffcb7380000 - 0x00007ffcb73a6000 	C:\WINDOWS\System32\win32u.dll
0x00007ffcb8210000 - 0x00007ffcb8239000 	C:\WINDOWS\System32\GDI32.dll
0x00007ffcb6a70000 - 0x00007ffcb6b89000 	C:\WINDOWS\System32\gdi32full.dll
0x00007ffcb69d0000 - 0x00007ffcb6a6a000 	C:\WINDOWS\System32\msvcp_win.dll
0x00007ffca3c20000 - 0x00007ffca3c39000 	C:\Users\kevin\Downloads\sts-4.19.0.RELEASE\plugins\org.eclipse.justj.openjdk.hotspot.jre.full.win32.x86_64_17.0.7.v20230425-1502\jre\bin\VCRUNTIME140.dll
0x00007ffca5040000 - 0x00007ffca52ce000 	C:\WINDOWS\WinSxS\amd64_microsoft.windows.common-controls_6595b64144ccf1df_6.0.22621.1635_none_270f70857386168e\COMCTL32.dll
0x00007ffcb8360000 - 0x00007ffcb8407000 	C:\WINDOWS\System32\msvcrt.dll
0x00007ffcb75e0000 - 0x00007ffcb7611000 	C:\WINDOWS\System32\IMM32.DLL
0x00007ffca3c10000 - 0x00007ffca3c1c000 	C:\Users\kevin\Downloads\sts-4.19.0.RELEASE\plugins\org.eclipse.justj.openjdk.hotspot.jre.full.win32.x86_64_17.0.7.v20230425-1502\jre\bin\vcruntime140_1.dll
0x00007ffc810f0000 - 0x00007ffc81181000 	C:\Users\kevin\Downloads\sts-4.19.0.RELEASE\plugins\org.eclipse.justj.openjdk.hotspot.jre.full.win32.x86_64_17.0.7.v20230425-1502\jre\bin\msvcp140.dll
0x00007ffc70260000 - 0x00007ffc70ea8000 	C:\Users\kevin\Downloads\sts-4.19.0.RELEASE\plugins\org.eclipse.justj.openjdk.hotspot.jre.full.win32.x86_64_17.0.7.v20230425-1502\jre\bin\server\jvm.dll
0x00007ffcb89a0000 - 0x00007ffcb8a4e000 	C:\WINDOWS\System32\ADVAPI32.dll
0x00007ffcb7820000 - 0x00007ffcb78c4000 	C:\WINDOWS\System32\sechost.dll
0x00007ffcb8240000 - 0x00007ffcb8357000 	C:\WINDOWS\System32\RPCRT4.dll
0x00007ffc96d30000 - 0x00007ffc96d39000 	C:\WINDOWS\SYSTEM32\WSOCK32.dll
0x00007ffcb9510000 - 0x00007ffcb9581000 	C:\WINDOWS\System32\WS2_32.dll
0x00007ffcb44e0000 - 0x00007ffcb4514000 	C:\WINDOWS\SYSTEM32\WINMM.dll
0x00007ffca9240000 - 0x00007ffca924a000 	C:\WINDOWS\SYSTEM32\VERSION.dll
0x00007ffcb5b00000 - 0x00007ffcb5b18000 	C:\WINDOWS\SYSTEM32\kernel.appcore.dll
0x00007ffcad0e0000 - 0x00007ffcad0ea000 	C:\Users\kevin\Downloads\sts-4.19.0.RELEASE\plugins\org.eclipse.justj.openjdk.hotspot.jre.full.win32.x86_64_17.0.7.v20230425-1502\jre\bin\jimage.dll
0x00007ffcb42b0000 - 0x00007ffcb44de000 	C:\WINDOWS\SYSTEM32\DBGHELP.DLL
0x00007ffcb8420000 - 0x00007ffcb87a9000 	C:\WINDOWS\System32\combase.dll
0x00007ffcb73b0000 - 0x00007ffcb7487000 	C:\WINDOWS\System32\OLEAUT32.dll
0x00007ffcb4520000 - 0x00007ffcb4552000 	C:\WINDOWS\SYSTEM32\dbgcore.DLL
0x00007ffcb7300000 - 0x00007ffcb737a000 	C:\WINDOWS\System32\bcryptPrimitives.dll
0x00007ffcac3b0000 - 0x00007ffcac3d5000 	C:\Users\kevin\Downloads\sts-4.19.0.RELEASE\plugins\org.eclipse.justj.openjdk.hotspot.jre.full.win32.x86_64_17.0.7.v20230425-1502\jre\bin\java.dll

dbghelp: loaded successfully - version: 4.0.5 - missing functions: none
symbol engine: initialized successfully - sym options: 0x614 - pdb path: .;C:\Users\kevin\Downloads\sts-4.19.0.RELEASE\plugins\org.eclipse.justj.openjdk.hotspot.jre.full.win32.x86_64_17.0.7.v20230425-1502\jre\bin;C:\WINDOWS\SYSTEM32;C:\WINDOWS\WinSxS\amd64_microsoft.windows.common-controls_6595b64144ccf1df_6.0.22621.1635_none_270f70857386168e;C:\Users\kevin\Downloads\sts-4.19.0.RELEASE\plugins\org.eclipse.justj.openjdk.hotspot.jre.full.win32.x86_64_17.0.7.v20230425-1502\jre\bin\server

VM Arguments:
jvm_args: -Dcom.sun.management.jmxremote -Dcom.sun.management.jmxremote.port=64846 -Dcom.sun.management.jmxremote.authenticate=false -Dcom.sun.management.jmxremote.ssl=false -Djava.rmi.server.hostname=localhost -Dspring.jmx.enabled=true -Dmanagement.endpoints.jmx.exposure.include=* -Dspring.application.admin.enabled=true -XX:TieredStopAtLevel=1 -Dspring.boot.project.name=ejerciciou3_pw_api_p4_ka -Dfile.encoding=UTF-8 -XX:+ShowCodeDetailsInExceptionMessages 
java_command: com.example.demo.Ejerciciou3PwApiP4KaApplication --spring.output.ansi.enabled=always
java_class_path (initial): C:\Users\kevin\OneDrive\Documentos\STS_workspace\ejerciciou3_pw_api_p4_ka\bin\main;C:\Users\kevin\.gradle\caches\modules-2\files-2.1\org.springframework.boot\spring-boot-starter-data-jpa\3.1.2\a37d54373b11d2de70dfb8bcd6612dc63787f4a8\spring-boot-starter-data-jpa-3.1.2.jar;C:\Users\kevin\.gradle\caches\modules-2\files-2.1\org.springframework.boot\spring-boot-starter-hateoas\3.1.2\8a326a1d075c6528cd3ea47d830b4e06f0e863fb\spring-boot-starter-hateoas-3.1.2.jar;C:\Users\kevin\.gradle\caches\modules-2\files-2.1\org.springframework.boot\spring-boot-starter-web-services\3.1.2\7386200d19fa214e626acc66a9a637cdcd872192\spring-boot-starter-web-services-3.1.2.jar;C:\Users\kevin\.gradle\caches\modules-2\files-2.1\org.springframework.boot\spring-boot-starter-aop\3.1.2\e882bf8c8853807a8e69cce9465ec12233fb5437\spring-boot-starter-aop-3.1.2.jar;C:\Users\kevin\.gradle\caches\modules-2\files-2.1\org.springframework.boot\spring-boot-starter-jdbc\3.1.2\e864f6a34d620e7e698c115881ea23b08f7125e9\spring-boot-starter-jdbc-3.1.2.jar;C:\Users\kevin\.gradle\caches\modules-2\files-2.1\org.hibernate.orm\hibernate-core\6.2.6.Final\9c4586a4a2dc721439ee454d5c858c1235b6ecba\hibernate-core-6.2.6.Final.jar;C:\Users\kevin\.gradle\caches\modules-2\files-2.1\org.springframework.data\spring-data-jpa\3.1.2\e9507688bc27006a5fb9ae4d13c1a5685354eb4a\spring-data-jpa-3.1.2.jar;C:\Users\kevin\.gradle\caches\modules-2\files-2.1\org.springframework\spring-aspects\6.0.11\7b6fcc5d4f06c36c332b7a122dca863163a127d4\spring-aspects-6.0.11.jar;C:\Users\kevin\.gradle\caches\modules-2\files-2.1\org.springframework.boot\spring-boot-starter-web\3.1.2\30b824817e764a5a5a1e9fb46e7ace40bcfa3185\spring-boot-starter-web-3.1.2.jar;C:\Users\kevin\.gradle\caches\modules-2\files-2.1\org.springframework.hateoas\spring-hateoas\2.1.2\480db81d13c77ceebb00350744303cd2effe2d2d\spring-hateoas-2.1.2.jar;C:\Users\kevin\.gradle\caches\modules-2\files-2.1\org.springframework.ws\spring-ws-core\4.0.5\9c987c1397e52582e5d8c
Launcher Type: SUN_STANDARD

[Global flags]
     intx CICompilerCount                          = 3                                         {product} {ergonomic}
     uint ConcGCThreads                            = 1                                         {product} {ergonomic}
     uint G1ConcRefinementThreads                  = 4                                         {product} {ergonomic}
   size_t G1HeapRegionSize                         = 1048576                                   {product} {ergonomic}
    uintx GCDrainStackTargetSize                   = 64                                        {product} {ergonomic}
   size_t InitialHeapSize                          = 60817408                                  {product} {ergonomic}
     bool ManagementServer                         = true                                      {product} {command line}
   size_t MarkStackSize                            = 4194304                                   {product} {ergonomic}
   size_t MaxHeapSize                              = 956301312                                 {product} {ergonomic}
   size_t MinHeapDeltaBytes                        = 1048576                                   {product} {ergonomic}
   size_t MinHeapSize                              = 8388608                                   {product} {ergonomic}
    uintx NonProfiledCodeHeapSize                  = 0                                      {pd product} {ergonomic}
     bool ProfileInterpreter                       = false                                  {pd product} {command line}
    uintx ProfiledCodeHeapSize                     = 0                                      {pd product} {ergonomic}
     bool ShowCodeDetailsInExceptionMessages       = true                                   {manageable} {command line}
   size_t SoftMaxHeapSize                          = 956301312                              {manageable} {ergonomic}
     intx TieredStopAtLevel                        = 1                                         {product} {command line}
     bool UseCompressedClassPointers               = true                           {product lp64_product} {ergonomic}
     bool UseCompressedOops                        = true                           {product lp64_product} {ergonomic}
     bool UseG1GC                                  = true                                      {product} {ergonomic}
     bool UseLargePagesIndividualAllocation        = false                                  {pd product} {ergonomic}

Logging:
Log output configuration:
 #0: stdout all=warning uptime,level,tags
 #1: stderr all=off uptime,level,tags

Environment Variables:
JAVA_HOME=C:\Program Files\Java\jdk-17.0.2
PATH=C:/Users/kevin/Downloads/sts-4.19.0.RELEASE//plugins/org.eclipse.justj.openjdk.hotspot.jre.full.win32.x86_64_17.0.7.v20230425-1502/jre/bin/server;C:/Users/kevin/Downloads/sts-4.19.0.RELEASE//plugins/org.eclipse.justj.openjdk.hotspot.jre.full.win32.x86_64_17.0.7.v20230425-1502/jre/bin;C:\Program Files (x86)\Common Files\Intel\Shared Libraries\redist\intel64\compiler;C:\Program Files\Common Files\Oracle\Java\javapath;C:\WINDOWS\system32;C:\WINDOWS;C:\WINDOWS\System32\Wbem;C:\WINDOWS\System32\WindowsPowerShell\v1.0\;C:\WINDOWS\System32\OpenSSH\;C:\Program Files\Git\cmd;C:\Users\kevin\OneDrive\Documentos\MAVEN\apache-maven-3.9.1\bin;C:\Program Files\Java\jdk-17.0.2\bin;C:\Program Files\nodejs\;C:\Users\kevin\AppData\Local\Microsoft\WindowsApps;;C:\Users\kevin\AppData\Local\Programs\Microsoft VS Code\bin;C:\Users\kevin\AppData\Roaming\npm;C:\Users\kevin\Downloads\sts-4.19.0.RELEASE;
USERNAME=kevin
OS=Windows_NT
PROCESSOR_IDENTIFIER=Intel64 Family 6 Model 140 Stepping 1, GenuineIntel
TMP=C:\Users\kevin\AppData\Local\Temp
TEMP=C:\Users\kevin\AppData\Local\Temp



---------------  S Y S T E M  ---------------

OS:
 Windows 11 , 64 bit Build 22621 (10.0.22621.1928)
OS uptime: 0 days 11:48 hours

CPU: total 4 (initial active 4) (2 cores per cpu, 2 threads per core) family 6 model 140 stepping 1 microcode 0x86, cx8, cmov, fxsr, ht, mmx, 3dnowpref, sse, sse2, sse3, ssse3, sse4.1, sse4.2, popcnt, lzcnt, tsc, tscinvbit, avx, avx2, aes, erms, clmul, bmi1, bmi2, adx, avx512f, avx512dq, avx512cd, avx512bw, avx512vl, sha, fma, vzeroupper, avx512_vpopcntdq, avx512_vpclmulqdq, avx512_vaes, avx512_vnni, clflush, clflushopt, clwb, avx512_vbmi2, avx512_vbmi

Memory: 4k page, system-wide physical 3643M (116M free)
TotalPageFile size 9739M (AvailPageFile size 6M)
current process WorkingSet (physical memory assigned to process): 10M, peak: 10M
current process commit charge ("private bytes"): 46M, peak: 104M

vm_info: OpenJDK 64-Bit Server VM (17.0.7+7) for windows-amd64 JRE (17.0.7+7), built on Apr 18 2023 22:10:42 by "temurin" with MS VC++ 16.7 (VS2019)

END.
